{
  "stats": {
    "suites": 12,
    "tests": 189,
    "passes": 129,
    "pending": 0,
    "failures": 60,
    "start": "2021-12-03T15:25:54.801Z",
    "end": "2021-12-03T15:25:55.707Z",
    "duration": 906,
    "testsRegistered": 189,
    "passPercent": 68.25396825396825,
    "pendingPercent": 0,
    "other": 0,
    "hasOther": false,
    "skipped": 0,
    "hasSkipped": false
  },
  "results": [
    {
      "uuid": "5842ed13-ec4c-4c1d-8c36-ac11a4c24119",
      "title": "",
      "fullFile": "",
      "file": "",
      "beforeHooks": [],
      "afterHooks": [],
      "tests": [],
      "suites": [
        {
          "uuid": "f4c355a4-0ac3-4e99-b1c7-b17166dc4311",
          "title": "defaultToAny.js - Provides a default value from a list of potential values, when passed undefined",
          "fullFile": "C:\\Users\\Andrew\\CSMasters\\software-testing\\ass-2\\test\\library-tests.test.js",
          "file": "\\test\\library-tests.test.js",
          "beforeHooks": [],
          "afterHooks": [],
          "tests": [
            {
              "title": "DEFAULTTOANY1: undefined value and undefined default values returns the last undefined value",
              "fullTitle": "defaultToAny.js - Provides a default value from a list of potential values, when passed undefined DEFAULTTOANY1: undefined value and undefined default values returns the last undefined value",
              "timedOut": false,
              "duration": 2,
              "state": "passed",
              "speed": "fast",
              "pass": true,
              "fail": false,
              "pending": false,
              "context": null,
              "code": "expect(defaultToAny(null, undefined, undefined, undefined)).to.equal(undefined);",
              "err": {},
              "uuid": "25fc2100-2954-4617-8fe3-78c601f74f1f",
              "parentUUID": "f4c355a4-0ac3-4e99-b1c7-b17166dc4311",
              "isHook": false,
              "skipped": false
            },
            {
              "title": "DEFAULTTOANY2: defined values and undefined value returns defined value",
              "fullTitle": "defaultToAny.js - Provides a default value from a list of potential values, when passed undefined DEFAULTTOANY2: defined values and undefined value returns defined value",
              "timedOut": false,
              "duration": 1,
              "state": "passed",
              "speed": "fast",
              "pass": true,
              "fail": false,
              "pending": false,
              "context": null,
              "code": "const values = [];\nconst object = {};\nconst str = '';\nexpect(defaultToAny(undefined, values, object, str)).to.equal(values);",
              "err": {},
              "uuid": "c185ad9c-bcd9-49d1-af90-f3d5dabbf02c",
              "parentUUID": "f4c355a4-0ac3-4e99-b1c7-b17166dc4311",
              "isHook": false,
              "skipped": false
            },
            {
              "title": "DEFAULTTOANY3: values with first defined value as an int returns the int",
              "fullTitle": "defaultToAny.js - Provides a default value from a list of potential values, when passed undefined DEFAULTTOANY3: values with first defined value as an int returns the int",
              "timedOut": false,
              "duration": 0,
              "state": "passed",
              "speed": "fast",
              "pass": true,
              "fail": false,
              "pending": false,
              "context": null,
              "code": "expect(defaultToAny(undefined, 1, 10, 20)).to.equal(1);",
              "err": {},
              "uuid": "6000c9f7-d686-4d55-a3fa-1db2f94845c1",
              "parentUUID": "f4c355a4-0ac3-4e99-b1c7-b17166dc4311",
              "isHook": false,
              "skipped": false
            },
            {
              "title": "DEFAULTTOANY4: values with first defined value as an empty object returns the empty object",
              "fullTitle": "defaultToAny.js - Provides a default value from a list of potential values, when passed undefined DEFAULTTOANY4: values with first defined value as an empty object returns the empty object",
              "timedOut": false,
              "duration": 1,
              "state": "passed",
              "speed": "fast",
              "pass": true,
              "fail": false,
              "pending": false,
              "context": null,
              "code": "const object = {};\nconst values = [];    \nconst str = \"cat\";\nexpect(defaultToAny(object, values, str, null)).to.equal(object);",
              "err": {},
              "uuid": "dfceb0d0-e059-4aea-893c-fdd9c106522b",
              "parentUUID": "f4c355a4-0ac3-4e99-b1c7-b17166dc4311",
              "isHook": false,
              "skipped": false
            },
            {
              "title": "DEFAULTTOANY5: values with first defined value as an empty string returns the empty string",
              "fullTitle": "defaultToAny.js - Provides a default value from a list of potential values, when passed undefined DEFAULTTOANY5: values with first defined value as an empty string returns the empty string",
              "timedOut": false,
              "duration": 0,
              "state": "passed",
              "speed": "fast",
              "pass": true,
              "fail": false,
              "pending": false,
              "context": null,
              "code": "const str = '';\nconst values = [1, 2, 3];\nconst object = {}\nexpect(defaultToAny(str, values, NaN, object)).to.equal(str);",
              "err": {},
              "uuid": "00b69dc6-d843-45f2-970e-0458541e67cb",
              "parentUUID": "f4c355a4-0ac3-4e99-b1c7-b17166dc4311",
              "isHook": false,
              "skipped": false
            },
            {
              "title": "DEFAULTTOANY6: values with first defined value as false returns false",
              "fullTitle": "defaultToAny.js - Provides a default value from a list of potential values, when passed undefined DEFAULTTOANY6: values with first defined value as false returns false",
              "timedOut": false,
              "duration": 0,
              "state": "passed",
              "speed": "fast",
              "pass": true,
              "fail": false,
              "pending": false,
              "context": null,
              "code": "const values = false;\nconst str = '';\nconst object = {\n    item : \"chair\",\n    room : \"living room\"\n};\nexpect(defaultToAny(values, undefined, null, object)).to.equal(values);",
              "err": {},
              "uuid": "72c2788f-bfc5-45b6-ae30-52f5a6c56400",
              "parentUUID": "f4c355a4-0ac3-4e99-b1c7-b17166dc4311",
              "isHook": false,
              "skipped": false
            },
            {
              "title": "DEFAULTTOANY7: values with first defined value as array with elements returns the array",
              "fullTitle": "defaultToAny.js - Provides a default value from a list of potential values, when passed undefined DEFAULTTOANY7: values with first defined value as array with elements returns the array",
              "timedOut": false,
              "duration": 0,
              "state": "passed",
              "speed": "fast",
              "pass": true,
              "fail": false,
              "pending": false,
              "context": null,
              "code": "const values = [1, 2, 3];\nconst object = {};\nexpect(defaultToAny(values, 1,object, undefined)).to.equal(values);",
              "err": {},
              "uuid": "03d5f7fc-154a-4c59-b2be-d991ce689263",
              "parentUUID": "f4c355a4-0ac3-4e99-b1c7-b17166dc4311",
              "isHook": false,
              "skipped": false
            },
            {
              "title": "DEFAULTTOANY8: values with first defined value as object with elements returns the object",
              "fullTitle": "defaultToAny.js - Provides a default value from a list of potential values, when passed undefined DEFAULTTOANY8: values with first defined value as object with elements returns the object",
              "timedOut": false,
              "duration": 0,
              "state": "passed",
              "speed": "fast",
              "pass": true,
              "fail": false,
              "pending": false,
              "context": null,
              "code": "const car = {\n    model: \"Toyota\",\n    color: \"Silver\"\n};\nconst str = \"yellow\";\nconst values = {};\nexpect(defaultToAny(car, NaN, str, values)).to.equal(car);",
              "err": {},
              "uuid": "a57583df-6014-496e-acc5-9041a79b13d4",
              "parentUUID": "f4c355a4-0ac3-4e99-b1c7-b17166dc4311",
              "isHook": false,
              "skipped": false
            },
            {
              "title": "DEFAULTTOANY9: values with first defined value as array returns the array",
              "fullTitle": "defaultToAny.js - Provides a default value from a list of potential values, when passed undefined DEFAULTTOANY9: values with first defined value as array returns the array",
              "timedOut": false,
              "duration": 0,
              "state": "passed",
              "speed": "fast",
              "pass": true,
              "fail": false,
              "pending": false,
              "context": null,
              "code": "const lists = [\"a\", \"b\", \"c\"];\nconst car = {};\nconst str = \"yellow\";\nexpect(defaultToAny(lists, car, undefined, str)).to.equal(lists);",
              "err": {},
              "uuid": "5baeaab9-c377-4b2f-98bb-f16d3dd04b37",
              "parentUUID": "f4c355a4-0ac3-4e99-b1c7-b17166dc4311",
              "isHook": false,
              "skipped": false
            },
            {
              "title": "DEFAULTTOANY10: empty inputs throws error",
              "fullTitle": "defaultToAny.js - Provides a default value from a list of potential values, when passed undefined DEFAULTTOANY10: empty inputs throws error",
              "timedOut": false,
              "duration": 3,
              "state": "failed",
              "speed": null,
              "pass": false,
              "fail": true,
              "pending": false,
              "context": null,
              "code": "expect(function () {defaultToAny()}).to.throw(Error);",
              "err": {
                "message": "AssertionError: expected [Function] to throw Error",
                "estack": "AssertionError: expected [Function] to throw Error\n    at Context.<anonymous> (file:///C:/Users/Andrew/CSMasters/software-testing/ass-2/test/library-tests.test.js:95:54)\n    at processImmediate (internal/timers.js:464:21)",
                "diff": null
              },
              "uuid": "ddc75ddd-db43-4fd1-a318-2f64392f7f62",
              "parentUUID": "f4c355a4-0ac3-4e99-b1c7-b17166dc4311",
              "isHook": false,
              "skipped": false
            },
            {
              "title": "DEFAULTTOANY11: undefined values and undefined default value returns the last undefined value",
              "fullTitle": "defaultToAny.js - Provides a default value from a list of potential values, when passed undefined DEFAULTTOANY11: undefined values and undefined default value returns the last undefined value",
              "timedOut": false,
              "duration": 0,
              "state": "failed",
              "speed": null,
              "pass": false,
              "fail": true,
              "pending": false,
              "context": null,
              "code": "expect(defaultToAny(NaN, undefined, null)).to.equal(null);",
              "err": {
                "message": "AssertionError: expected NaN to equal null",
                "estack": "AssertionError: expected NaN to equal null\n    at Context.<anonymous> (file:///C:/Users/Andrew/CSMasters/software-testing/ass-2/test/library-tests.test.js:100:55)\n    at processImmediate (internal/timers.js:464:21)",
                "diff": null
              },
              "uuid": "94bedce0-9d21-4967-b38b-2653198b7462",
              "parentUUID": "f4c355a4-0ac3-4e99-b1c7-b17166dc4311",
              "isHook": false,
              "skipped": false
            },
            {
              "title": "DEFAULTTOANY12: values with first defined value as an empty array returns the empty array",
              "fullTitle": "defaultToAny.js - Provides a default value from a list of potential values, when passed undefined DEFAULTTOANY12: values with first defined value as an empty array returns the empty array",
              "timedOut": false,
              "duration": 0,
              "state": "passed",
              "speed": "fast",
              "pass": true,
              "fail": false,
              "pending": false,
              "context": null,
              "code": "const values = [];\nconst str = '';\nexpect(defaultToAny(undefined, values, str)).to.equal(values);",
              "err": {},
              "uuid": "0092d086-454e-452f-afce-283693ba758b",
              "parentUUID": "f4c355a4-0ac3-4e99-b1c7-b17166dc4311",
              "isHook": false,
              "skipped": false
            },
            {
              "title": "DEFAULTTOANY13: values with first defined value as array with elements returns the array",
              "fullTitle": "defaultToAny.js - Provides a default value from a list of potential values, when passed undefined DEFAULTTOANY13: values with first defined value as array with elements returns the array",
              "timedOut": false,
              "duration": 0,
              "state": "passed",
              "speed": "fast",
              "pass": true,
              "fail": false,
              "pending": false,
              "context": null,
              "code": "const lists = [1, \"car\", ''];\nexpect(defaultToAny(null, lists, 15)).to.equal(lists);",
              "err": {},
              "uuid": "ec2ece9b-a1a7-46c7-8bb1-d87c566ee446",
              "parentUUID": "f4c355a4-0ac3-4e99-b1c7-b17166dc4311",
              "isHook": false,
              "skipped": false
            },
            {
              "title": "DEFAULTTOANY14: values with first defined value as an empty string returns the empty string",
              "fullTitle": "defaultToAny.js - Provides a default value from a list of potential values, when passed undefined DEFAULTTOANY14: values with first defined value as an empty string returns the empty string",
              "timedOut": false,
              "duration": 0,
              "state": "passed",
              "speed": "fast",
              "pass": true,
              "fail": false,
              "pending": false,
              "context": null,
              "code": "const str = '';\nconst object = {};\nexpect(defaultToAny(str, object, undefined)).to.equal(str);",
              "err": {},
              "uuid": "12b6edef-d952-46cb-8d05-f6519e27552c",
              "parentUUID": "f4c355a4-0ac3-4e99-b1c7-b17166dc4311",
              "isHook": false,
              "skipped": false
            },
            {
              "title": "DEFAULTTOANY15: values with first defined value as an empty object returns the empty object",
              "fullTitle": "defaultToAny.js - Provides a default value from a list of potential values, when passed undefined DEFAULTTOANY15: values with first defined value as an empty object returns the empty object",
              "timedOut": false,
              "duration": 0,
              "state": "passed",
              "speed": "fast",
              "pass": true,
              "fail": false,
              "pending": false,
              "context": null,
              "code": "const object = {};\nexpect(defaultToAny(object, 25, NaN)).to.equal(object);",
              "err": {},
              "uuid": "d4f8946d-afe3-4284-adc9-5fa501af357a",
              "parentUUID": "f4c355a4-0ac3-4e99-b1c7-b17166dc4311",
              "isHook": false,
              "skipped": false
            },
            {
              "title": "DEFAULTTOANY16: values with first defined value as an empty array returns te empty array",
              "fullTitle": "defaultToAny.js - Provides a default value from a list of potential values, when passed undefined DEFAULTTOANY16: values with first defined value as an empty array returns te empty array",
              "timedOut": false,
              "duration": 1,
              "state": "passed",
              "speed": "fast",
              "pass": true,
              "fail": false,
              "pending": false,
              "context": null,
              "code": "const lists = [];\nconst str = '';\nexpect(defaultToAny(lists, NaN, str)).to.equal(lists);",
              "err": {},
              "uuid": "ffa61655-6ab1-45ab-a912-759282e03c32",
              "parentUUID": "f4c355a4-0ac3-4e99-b1c7-b17166dc4311",
              "isHook": false,
              "skipped": false
            },
            {
              "title": "DEFAULTTOANY17: values with first defined value as an int returns the int",
              "fullTitle": "defaultToAny.js - Provides a default value from a list of potential values, when passed undefined DEFAULTTOANY17: values with first defined value as an int returns the int",
              "timedOut": false,
              "duration": 0,
              "state": "passed",
              "speed": "fast",
              "pass": true,
              "fail": false,
              "pending": false,
              "context": null,
              "code": "const lists = [5, 10, 20, 0];\nconst object = {};\nexpect(defaultToAny(1, lists, object)).to.equal(1);",
              "err": {},
              "uuid": "92cb569c-26b6-4d59-a2e0-c1f761174ac5",
              "parentUUID": "f4c355a4-0ac3-4e99-b1c7-b17166dc4311",
              "isHook": false,
              "skipped": false
            },
            {
              "title": "DEFAULTTOANY18: values with first defined value as an object returns the object",
              "fullTitle": "defaultToAny.js - Provides a default value from a list of potential values, when passed undefined DEFAULTTOANY18: values with first defined value as an object returns the object",
              "timedOut": false,
              "duration": 1,
              "state": "passed",
              "speed": "fast",
              "pass": true,
              "fail": false,
              "pending": false,
              "context": null,
              "code": "const car = {\n    model: \"Toyota\",\n    color: \"Silver\"\n};\nconst lists = [5, 10, 20, 0];\nexpect(defaultToAny(car, undefined, lists)).to.equal(car);",
              "err": {},
              "uuid": "74f1943f-9b11-4d03-9a59-6183bbcbc4bb",
              "parentUUID": "f4c355a4-0ac3-4e99-b1c7-b17166dc4311",
              "isHook": false,
              "skipped": false
            },
            {
              "title": "DEFAULTTOANY19: values with first defined value as a string returns the string",
              "fullTitle": "defaultToAny.js - Provides a default value from a list of potential values, when passed undefined DEFAULTTOANY19: values with first defined value as a string returns the string",
              "timedOut": false,
              "duration": 0,
              "state": "passed",
              "speed": "fast",
              "pass": true,
              "fail": false,
              "pending": false,
              "context": null,
              "code": "const str = false;\nconst objects = {};\nconst lists = [{}, {}, {}];\nexpect(defaultToAny(str, objects, lists)).to.equal(str);",
              "err": {},
              "uuid": "a34e548a-5812-4487-be2f-a5d6d2b9cfb5",
              "parentUUID": "f4c355a4-0ac3-4e99-b1c7-b17166dc4311",
              "isHook": false,
              "skipped": false
            },
            {
              "title": "DEFAULTTOANY20: undefined values and undefined default values returns the last undefined value",
              "fullTitle": "defaultToAny.js - Provides a default value from a list of potential values, when passed undefined DEFAULTTOANY20: undefined values and undefined default values returns the last undefined value",
              "timedOut": false,
              "duration": 1,
              "state": "passed",
              "speed": "fast",
              "pass": true,
              "fail": false,
              "pending": false,
              "context": null,
              "code": "expect(defaultToAny(null, NaN)).to.deep.equal(NaN);",
              "err": {},
              "uuid": "c5a7b4f6-32e1-4553-9cbc-ac5cd31e05be",
              "parentUUID": "f4c355a4-0ac3-4e99-b1c7-b17166dc4311",
              "isHook": false,
              "skipped": false
            },
            {
              "title": "DEFAULTTOANY21: undefined value and empty object returns the empty object",
              "fullTitle": "defaultToAny.js - Provides a default value from a list of potential values, when passed undefined DEFAULTTOANY21: undefined value and empty object returns the empty object",
              "timedOut": false,
              "duration": 0,
              "state": "passed",
              "speed": "fast",
              "pass": true,
              "fail": false,
              "pending": false,
              "context": null,
              "code": "const object = {};\nexpect(defaultToAny(undefined, object)).to.equal(object);",
              "err": {},
              "uuid": "d0014cd3-f7dc-4dbb-ad90-8a4ebfac35f3",
              "parentUUID": "f4c355a4-0ac3-4e99-b1c7-b17166dc4311",
              "isHook": false,
              "skipped": false
            },
            {
              "title": "DEFAULTTOANY22: undefined value and defined array returns the array",
              "fullTitle": "defaultToAny.js - Provides a default value from a list of potential values, when passed undefined DEFAULTTOANY22: undefined value and defined array returns the array",
              "timedOut": false,
              "duration": 3,
              "state": "failed",
              "speed": null,
              "pass": false,
              "fail": true,
              "pending": false,
              "context": null,
              "code": "const lists = [5, 10, 20, 0];\nexpect(defaultToAny(NaN, lists)).to.equal(lists);",
              "err": {
                "message": "AssertionError: expected NaN to equal [ 5, 10, 20, 0 ]",
                "estack": "AssertionError: expected NaN to equal [ 5, 10, 20, 0 ]\n    at Context.<anonymous> (file:///C:/Users/Andrew/CSMasters/software-testing/ass-2/test/library-tests.test.js:164:45)\n    at processImmediate (internal/timers.js:464:21)",
                "diff": null
              },
              "uuid": "35e6d261-8766-46a2-9cf8-e734fe912ebe",
              "parentUUID": "f4c355a4-0ac3-4e99-b1c7-b17166dc4311",
              "isHook": false,
              "skipped": false
            },
            {
              "title": "DEFAULTTOANY23: defined empty object and defined empty array returns the first defined value",
              "fullTitle": "defaultToAny.js - Provides a default value from a list of potential values, when passed undefined DEFAULTTOANY23: defined empty object and defined empty array returns the first defined value",
              "timedOut": false,
              "duration": 0,
              "state": "passed",
              "speed": "fast",
              "pass": true,
              "fail": false,
              "pending": false,
              "context": null,
              "code": "const object = {};\nconst lists = [];\nexpect(defaultToAny(object, lists)).to.equal(object);",
              "err": {},
              "uuid": "56234b03-5b10-4c27-98c5-e5dadb5278f4",
              "parentUUID": "f4c355a4-0ac3-4e99-b1c7-b17166dc4311",
              "isHook": false,
              "skipped": false
            },
            {
              "title": "DEFAULTTOANY24: defined empty str and defined empty array returns the first defined value",
              "fullTitle": "defaultToAny.js - Provides a default value from a list of potential values, when passed undefined DEFAULTTOANY24: defined empty str and defined empty array returns the first defined value",
              "timedOut": false,
              "duration": 1,
              "state": "passed",
              "speed": "fast",
              "pass": true,
              "fail": false,
              "pending": false,
              "context": null,
              "code": "const str = \"\";\nconst lists = ['a', 2, 'red'];\nexpect(defaultToAny(str, lists)).to.equal(str);",
              "err": {},
              "uuid": "2244b0f0-b161-452c-ae9a-ae65ea1bd1a5",
              "parentUUID": "f4c355a4-0ac3-4e99-b1c7-b17166dc4311",
              "isHook": false,
              "skipped": false
            },
            {
              "title": "DEFAULTTOANY25: defined empty array and undefined value returns the empty array",
              "fullTitle": "defaultToAny.js - Provides a default value from a list of potential values, when passed undefined DEFAULTTOANY25: defined empty array and undefined value returns the empty array",
              "timedOut": false,
              "duration": 0,
              "state": "passed",
              "speed": "fast",
              "pass": true,
              "fail": false,
              "pending": false,
              "context": null,
              "code": "const lists = [];\nexpect(defaultToAny(lists, NaN)).to.equal(lists);",
              "err": {},
              "uuid": "4eb5ea8d-04dd-46a5-b06d-c2c5510caf6f",
              "parentUUID": "f4c355a4-0ac3-4e99-b1c7-b17166dc4311",
              "isHook": false,
              "skipped": false
            },
            {
              "title": "DEFAULTTOANY26: two defined values returns the first value",
              "fullTitle": "defaultToAny.js - Provides a default value from a list of potential values, when passed undefined DEFAULTTOANY26: two defined values returns the first value",
              "timedOut": false,
              "duration": 0,
              "state": "passed",
              "speed": "fast",
              "pass": true,
              "fail": false,
              "pending": false,
              "context": null,
              "code": "const car = {\n    model: \"Toyota\",\n    color: \"Silver\"\n};\nexpect(defaultToAny(car, 10)).to.equal(car);",
              "err": {},
              "uuid": "6f30e74a-ae60-4362-be85-c53d17146bd9",
              "parentUUID": "f4c355a4-0ac3-4e99-b1c7-b17166dc4311",
              "isHook": false,
              "skipped": false
            },
            {
              "title": "DEFAULTTOANY27: defined array and undefined value returns the defined array",
              "fullTitle": "defaultToAny.js - Provides a default value from a list of potential values, when passed undefined DEFAULTTOANY27: defined array and undefined value returns the defined array",
              "timedOut": false,
              "duration": 1,
              "state": "passed",
              "speed": "fast",
              "pass": true,
              "fail": false,
              "pending": false,
              "context": null,
              "code": "const lists = [5, 10, 20, 0];\nexpect(defaultToAny(lists, undefined)).to.equal(lists);",
              "err": {},
              "uuid": "833f64ae-7995-4f90-bc89-ac6eb7afdf74",
              "parentUUID": "f4c355a4-0ac3-4e99-b1c7-b17166dc4311",
              "isHook": false,
              "skipped": false
            },
            {
              "title": "DEFAULTTOANY28: two defined values returns the first value",
              "fullTitle": "defaultToAny.js - Provides a default value from a list of potential values, when passed undefined DEFAULTTOANY28: two defined values returns the first value",
              "timedOut": false,
              "duration": 0,
              "state": "passed",
              "speed": "fast",
              "pass": true,
              "fail": false,
              "pending": false,
              "context": null,
              "code": "const object = {};\nexpect(defaultToAny(1500, object)).to.equal(1500);",
              "err": {},
              "uuid": "e48cc859-687a-4193-bd36-a524f8869d2a",
              "parentUUID": "f4c355a4-0ac3-4e99-b1c7-b17166dc4311",
              "isHook": false,
              "skipped": false
            },
            {
              "title": "DEFAULTTOANY29: one defined value returns the defined value",
              "fullTitle": "defaultToAny.js - Provides a default value from a list of potential values, when passed undefined DEFAULTTOANY29: one defined value returns the defined value",
              "timedOut": false,
              "duration": 1,
              "state": "passed",
              "speed": "fast",
              "pass": true,
              "fail": false,
              "pending": false,
              "context": null,
              "code": "expect(defaultToAny(1.5)).to.equal(1.5);",
              "err": {},
              "uuid": "bc494c2d-da66-4dea-b1b3-0ba71e511bc2",
              "parentUUID": "f4c355a4-0ac3-4e99-b1c7-b17166dc4311",
              "isHook": false,
              "skipped": false
            },
            {
              "title": "DEFAULTTOANY30: one empty value returns the empty value",
              "fullTitle": "defaultToAny.js - Provides a default value from a list of potential values, when passed undefined DEFAULTTOANY30: one empty value returns the empty value",
              "timedOut": false,
              "duration": 0,
              "state": "passed",
              "speed": "fast",
              "pass": true,
              "fail": false,
              "pending": false,
              "context": null,
              "code": "const values = {}\nexpect(defaultToAny(values)).to.equal(values);",
              "err": {},
              "uuid": "4ddee1d1-f269-4680-8046-37ac1e509862",
              "parentUUID": "f4c355a4-0ac3-4e99-b1c7-b17166dc4311",
              "isHook": false,
              "skipped": false
            },
            {
              "title": "DEFAULTTOANY31: undefined value to default undefined value returns the last undefined value",
              "fullTitle": "defaultToAny.js - Provides a default value from a list of potential values, when passed undefined DEFAULTTOANY31: undefined value to default undefined value returns the last undefined value",
              "timedOut": false,
              "duration": 0,
              "state": "passed",
              "speed": "fast",
              "pass": true,
              "fail": false,
              "pending": false,
              "context": null,
              "code": "expect(defaultToAny(null)).to.equal(null);",
              "err": {},
              "uuid": "16f6526d-171c-46c9-84ff-ecb7a687149c",
              "parentUUID": "f4c355a4-0ac3-4e99-b1c7-b17166dc4311",
              "isHook": false,
              "skipped": false
            },
            {
              "title": "DEFAULTTOANY32: undefined values and defined value returns the defined value",
              "fullTitle": "defaultToAny.js - Provides a default value from a list of potential values, when passed undefined DEFAULTTOANY32: undefined values and defined value returns the defined value",
              "timedOut": false,
              "duration": 1,
              "state": "failed",
              "speed": null,
              "pass": false,
              "fail": true,
              "pending": false,
              "context": null,
              "code": "expect(defaultToAny(null, NaN, undefined, 15)).to.equal(15);",
              "err": {
                "message": "AssertionError: expected NaN to equal 15",
                "estack": "AssertionError: expected NaN to equal 15\n    at Context.<anonymous> (file:///C:/Users/Andrew/CSMasters/software-testing/ass-2/test/library-tests.test.js:216:59)\n    at processImmediate (internal/timers.js:464:21)",
                "diff": "- NaN\n+ 15\n"
              },
              "uuid": "6eba5494-0520-4758-861a-8fff46326254",
              "parentUUID": "f4c355a4-0ac3-4e99-b1c7-b17166dc4311",
              "isHook": false,
              "skipped": false
            },
            {
              "title": "DEFAULTTOANY33: undefined values and defined value returns the defined value",
              "fullTitle": "defaultToAny.js - Provides a default value from a list of potential values, when passed undefined DEFAULTTOANY33: undefined values and defined value returns the defined value",
              "timedOut": false,
              "duration": 0,
              "state": "passed",
              "speed": "fast",
              "pass": true,
              "fail": false,
              "pending": false,
              "context": null,
              "code": "expect(defaultToAny(null, undefined, 20, NaN)).to.equal(20);",
              "err": {},
              "uuid": "bfa85581-8120-425d-be3b-cd6220cd70c3",
              "parentUUID": "f4c355a4-0ac3-4e99-b1c7-b17166dc4311",
              "isHook": false,
              "skipped": false
            }
          ],
          "suites": [],
          "passes": [
            "25fc2100-2954-4617-8fe3-78c601f74f1f",
            "c185ad9c-bcd9-49d1-af90-f3d5dabbf02c",
            "6000c9f7-d686-4d55-a3fa-1db2f94845c1",
            "dfceb0d0-e059-4aea-893c-fdd9c106522b",
            "00b69dc6-d843-45f2-970e-0458541e67cb",
            "72c2788f-bfc5-45b6-ae30-52f5a6c56400",
            "03d5f7fc-154a-4c59-b2be-d991ce689263",
            "a57583df-6014-496e-acc5-9041a79b13d4",
            "5baeaab9-c377-4b2f-98bb-f16d3dd04b37",
            "0092d086-454e-452f-afce-283693ba758b",
            "ec2ece9b-a1a7-46c7-8bb1-d87c566ee446",
            "12b6edef-d952-46cb-8d05-f6519e27552c",
            "d4f8946d-afe3-4284-adc9-5fa501af357a",
            "ffa61655-6ab1-45ab-a912-759282e03c32",
            "92cb569c-26b6-4d59-a2e0-c1f761174ac5",
            "74f1943f-9b11-4d03-9a59-6183bbcbc4bb",
            "a34e548a-5812-4487-be2f-a5d6d2b9cfb5",
            "c5a7b4f6-32e1-4553-9cbc-ac5cd31e05be",
            "d0014cd3-f7dc-4dbb-ad90-8a4ebfac35f3",
            "56234b03-5b10-4c27-98c5-e5dadb5278f4",
            "2244b0f0-b161-452c-ae9a-ae65ea1bd1a5",
            "4eb5ea8d-04dd-46a5-b06d-c2c5510caf6f",
            "6f30e74a-ae60-4362-be85-c53d17146bd9",
            "833f64ae-7995-4f90-bc89-ac6eb7afdf74",
            "e48cc859-687a-4193-bd36-a524f8869d2a",
            "bc494c2d-da66-4dea-b1b3-0ba71e511bc2",
            "4ddee1d1-f269-4680-8046-37ac1e509862",
            "16f6526d-171c-46c9-84ff-ecb7a687149c",
            "bfa85581-8120-425d-be3b-cd6220cd70c3"
          ],
          "failures": [
            "ddc75ddd-db43-4fd1-a318-2f64392f7f62",
            "94bedce0-9d21-4967-b38b-2653198b7462",
            "35e6d261-8766-46a2-9cf8-e734fe912ebe",
            "6eba5494-0520-4758-861a-8fff46326254"
          ],
          "pending": [],
          "skipped": [],
          "duration": 17,
          "root": false,
          "rootEmpty": false,
          "_timeout": 2000
        },
        {
          "uuid": "033b1c09-f68f-4c58-a06c-c6f13c2cae0b",
          "title": "ceil.js - Rounds a number up with given precision",
          "fullFile": "C:\\Users\\Andrew\\CSMasters\\software-testing\\ass-2\\test\\library-tests.test.js",
          "file": "\\test\\library-tests.test.js",
          "beforeHooks": [],
          "afterHooks": [],
          "tests": [
            {
              "title": "CEIL1: round integer with integer precision returns integer",
              "fullTitle": "ceil.js - Rounds a number up with given precision CEIL1: round integer with integer precision returns integer",
              "timedOut": false,
              "duration": 0,
              "state": "passed",
              "speed": "fast",
              "pass": true,
              "fail": false,
              "pending": false,
              "context": null,
              "code": "expect(ceil(6, 1)).to.equal(6);",
              "err": {},
              "uuid": "dd4b782a-3a73-4394-a25b-822bc9ae7882",
              "parentUUID": "033b1c09-f68f-4c58-a06c-c6f13c2cae0b",
              "isHook": false,
              "skipped": false
            },
            {
              "title": "CEIL2: round integer with float precision returns NaN",
              "fullTitle": "ceil.js - Rounds a number up with given precision CEIL2: round integer with float precision returns NaN",
              "timedOut": false,
              "duration": 1,
              "state": "passed",
              "speed": "fast",
              "pass": true,
              "fail": false,
              "pending": false,
              "context": null,
              "code": "expect(ceil(6, 1.5)).to.deep.equal(NaN);",
              "err": {},
              "uuid": "b778cabc-326a-4e21-991e-0e8bb37dafe8",
              "parentUUID": "033b1c09-f68f-4c58-a06c-c6f13c2cae0b",
              "isHook": false,
              "skipped": false
            },
            {
              "title": "CEIL3: round integer with illegal value returns NaN",
              "fullTitle": "ceil.js - Rounds a number up with given precision CEIL3: round integer with illegal value returns NaN",
              "timedOut": false,
              "duration": 1,
              "state": "failed",
              "speed": null,
              "pass": false,
              "fail": true,
              "pending": false,
              "context": null,
              "code": "expect(ceil(6, \"id\")).to.deep.equal(NaN);",
              "err": {
                "message": "AssertionError: expected 6 to deeply equal NaN",
                "estack": "AssertionError: expected 6 to deeply equal NaN\n    at Context.<anonymous> (file:///C:/Users/Andrew/CSMasters/software-testing/ass-2/test/library-tests.test.js:240:39)\n    at processImmediate (internal/timers.js:464:21)",
                "diff": "- 6\n+ NaN\n"
              },
              "uuid": "ae5b4c83-febc-4fc3-b9d9-34f47099426d",
              "parentUUID": "033b1c09-f68f-4c58-a06c-c6f13c2cae0b",
              "isHook": false,
              "skipped": false
            },
            {
              "title": "CEIL4: round integer with empty value returns unchanged integer",
              "fullTitle": "ceil.js - Rounds a number up with given precision CEIL4: round integer with empty value returns unchanged integer",
              "timedOut": false,
              "duration": 0,
              "state": "passed",
              "speed": "fast",
              "pass": true,
              "fail": false,
              "pending": false,
              "context": null,
              "code": "expect(ceil(5)).to.equal(5);",
              "err": {},
              "uuid": "5a1debb9-2990-4399-8324-2c0c20424103",
              "parentUUID": "033b1c09-f68f-4c58-a06c-c6f13c2cae0b",
              "isHook": false,
              "skipped": false
            },
            {
              "title": "CEIL5: round float with float returns NaN",
              "fullTitle": "ceil.js - Rounds a number up with given precision CEIL5: round float with float returns NaN",
              "timedOut": false,
              "duration": 1,
              "state": "passed",
              "speed": "fast",
              "pass": true,
              "fail": false,
              "pending": false,
              "context": null,
              "code": "expect(ceil(5.35, 1.5)).to.deep.equal(NaN);",
              "err": {},
              "uuid": "6cacd792-0995-4974-8260-ef0de796544d",
              "parentUUID": "033b1c09-f68f-4c58-a06c-c6f13c2cae0b",
              "isHook": false,
              "skipped": false
            },
            {
              "title": "CEIL6: round float with illegal value throws error",
              "fullTitle": "ceil.js - Rounds a number up with given precision CEIL6: round float with illegal value throws error",
              "timedOut": false,
              "duration": 2,
              "state": "failed",
              "speed": null,
              "pass": false,
              "fail": true,
              "pending": false,
              "context": null,
              "code": "expect(function () { ceil(6.75, \"id\") }).to.throw(TypeError);",
              "err": {
                "message": "AssertionError: expected [Function] to throw TypeError",
                "estack": "AssertionError: expected [Function] to throw TypeError\n    at Context.<anonymous> (file:///C:/Users/Andrew/CSMasters/software-testing/ass-2/test/library-tests.test.js:252:58)\n    at processImmediate (internal/timers.js:464:21)",
                "diff": null
              },
              "uuid": "69f7db11-2147-4a36-bd0a-aa788e4418b0",
              "parentUUID": "033b1c09-f68f-4c58-a06c-c6f13c2cae0b",
              "isHook": false,
              "skipped": false
            },
            {
              "title": "CEIL7: round float with empty value returns rounded integer",
              "fullTitle": "ceil.js - Rounds a number up with given precision CEIL7: round float with empty value returns rounded integer",
              "timedOut": false,
              "duration": 1,
              "state": "passed",
              "speed": "fast",
              "pass": true,
              "fail": false,
              "pending": false,
              "context": null,
              "code": "expect(ceil(5.35)).to.equal(6);",
              "err": {},
              "uuid": "7cecf122-c26c-423f-9adb-cd7228ff06ac",
              "parentUUID": "033b1c09-f68f-4c58-a06c-c6f13c2cae0b",
              "isHook": false,
              "skipped": false
            },
            {
              "title": "CEIL8: round float with integer precision returns float",
              "fullTitle": "ceil.js - Rounds a number up with given precision CEIL8: round float with integer precision returns float",
              "timedOut": false,
              "duration": 1,
              "state": "passed",
              "speed": "fast",
              "pass": true,
              "fail": false,
              "pending": false,
              "context": null,
              "code": "expect(ceil(5.353, 2)).to.equal(5.36);",
              "err": {},
              "uuid": "f65649bf-3a45-4711-849e-614430afb585",
              "parentUUID": "033b1c09-f68f-4c58-a06c-c6f13c2cae0b",
              "isHook": false,
              "skipped": false
            },
            {
              "title": "CEIL9: rounding illegal value returns NaN",
              "fullTitle": "ceil.js - Rounds a number up with given precision CEIL9: rounding illegal value returns NaN",
              "timedOut": false,
              "duration": 1,
              "state": "passed",
              "speed": "fast",
              "pass": true,
              "fail": false,
              "pending": false,
              "context": null,
              "code": "expect(ceil(\"id\")).to.deep.equal(NaN);",
              "err": {},
              "uuid": "ce468bc5-4fdc-41a3-bc8d-ef7386ce9893",
              "parentUUID": "033b1c09-f68f-4c58-a06c-c6f13c2cae0b",
              "isHook": false,
              "skipped": false
            },
            {
              "title": "CEIL10: rounding illegal value with integer returns NaN",
              "fullTitle": "ceil.js - Rounds a number up with given precision CEIL10: rounding illegal value with integer returns NaN",
              "timedOut": false,
              "duration": 1,
              "state": "passed",
              "speed": "fast",
              "pass": true,
              "fail": false,
              "pending": false,
              "context": null,
              "code": "expect(ceil(\"id\", 2)).to.deep.equal(NaN);",
              "err": {},
              "uuid": "9f144939-9b6f-45f9-ae99-f70a1c745216",
              "parentUUID": "033b1c09-f68f-4c58-a06c-c6f13c2cae0b",
              "isHook": false,
              "skipped": false
            },
            {
              "title": "CEIL11: rounding illegal value with float returns NaN",
              "fullTitle": "ceil.js - Rounds a number up with given precision CEIL11: rounding illegal value with float returns NaN",
              "timedOut": false,
              "duration": 1,
              "state": "passed",
              "speed": "fast",
              "pass": true,
              "fail": false,
              "pending": false,
              "context": null,
              "code": "expect(ceil(\"id\", 2.25)).to.deep.equal(NaN);",
              "err": {},
              "uuid": "31c1342c-d165-42df-b093-d9558fb44615",
              "parentUUID": "033b1c09-f68f-4c58-a06c-c6f13c2cae0b",
              "isHook": false,
              "skipped": false
            },
            {
              "title": "CEIL12: empty inputs returns NaN",
              "fullTitle": "ceil.js - Rounds a number up with given precision CEIL12: empty inputs returns NaN",
              "timedOut": false,
              "duration": 0,
              "state": "passed",
              "speed": "fast",
              "pass": true,
              "fail": false,
              "pending": false,
              "context": null,
              "code": "expect(ceil()).to.deep.equal(NaN);",
              "err": {},
              "uuid": "bf17d144-8ece-442d-a8a1-101ca394f495",
              "parentUUID": "033b1c09-f68f-4c58-a06c-c6f13c2cae0b",
              "isHook": false,
              "skipped": false
            },
            {
              "title": "CEIL13: round float with integer precision 3 returns float ",
              "fullTitle": "ceil.js - Rounds a number up with given precision CEIL13: round float with integer precision 3 returns float ",
              "timedOut": false,
              "duration": 0,
              "state": "passed",
              "speed": "fast",
              "pass": true,
              "fail": false,
              "pending": false,
              "context": null,
              "code": "expect(ceil(5.353, 3)).to.equal(5.353);",
              "err": {},
              "uuid": "189b39b8-aaba-49d0-a747-91b3ab6f66eb",
              "parentUUID": "033b1c09-f68f-4c58-a06c-c6f13c2cae0b",
              "isHook": false,
              "skipped": false
            },
            {
              "title": "CEIL14: round float with integer precision 1 returns float",
              "fullTitle": "ceil.js - Rounds a number up with given precision CEIL14: round float with integer precision 1 returns float",
              "timedOut": false,
              "duration": 1,
              "state": "passed",
              "speed": "fast",
              "pass": true,
              "fail": false,
              "pending": false,
              "context": null,
              "code": "expect(ceil(5.613, 1)).to.equal(5.7);",
              "err": {},
              "uuid": "5aadb46d-8c78-4175-a6ac-b6fb4957ff8f",
              "parentUUID": "033b1c09-f68f-4c58-a06c-c6f13c2cae0b",
              "isHook": false,
              "skipped": false
            }
          ],
          "suites": [],
          "passes": [
            "dd4b782a-3a73-4394-a25b-822bc9ae7882",
            "b778cabc-326a-4e21-991e-0e8bb37dafe8",
            "5a1debb9-2990-4399-8324-2c0c20424103",
            "6cacd792-0995-4974-8260-ef0de796544d",
            "7cecf122-c26c-423f-9adb-cd7228ff06ac",
            "f65649bf-3a45-4711-849e-614430afb585",
            "ce468bc5-4fdc-41a3-bc8d-ef7386ce9893",
            "9f144939-9b6f-45f9-ae99-f70a1c745216",
            "31c1342c-d165-42df-b093-d9558fb44615",
            "bf17d144-8ece-442d-a8a1-101ca394f495",
            "189b39b8-aaba-49d0-a747-91b3ab6f66eb",
            "5aadb46d-8c78-4175-a6ac-b6fb4957ff8f"
          ],
          "failures": [
            "ae5b4c83-febc-4fc3-b9d9-34f47099426d",
            "69f7db11-2147-4a36-bd0a-aa788e4418b0"
          ],
          "pending": [],
          "skipped": [],
          "duration": 11,
          "root": false,
          "rootEmpty": false,
          "_timeout": 2000
        },
        {
          "uuid": "1130a910-dfd9-4df1-81dc-5fcd953d6578",
          "title": "keys.js - Creates an array of the property names of an object",
          "fullFile": "C:\\Users\\Andrew\\CSMasters\\software-testing\\ass-2\\test\\library-tests.test.js",
          "file": "\\test\\library-tests.test.js",
          "beforeHooks": [],
          "afterHooks": [],
          "tests": [
            {
              "title": "KEYS1: keys of empty object gives empty array",
              "fullTitle": "keys.js - Creates an array of the property names of an object KEYS1: keys of empty object gives empty array",
              "timedOut": false,
              "duration": 3,
              "state": "passed",
              "speed": "fast",
              "pass": true,
              "fail": false,
              "pending": false,
              "context": null,
              "code": "expect(keys({})).to.deep.equal([]);",
              "err": {},
              "uuid": "5e4fda25-dabe-4cb4-bfdc-cd08c568c598",
              "parentUUID": "1130a910-dfd9-4df1-81dc-5fcd953d6578",
              "isHook": false,
              "skipped": false
            },
            {
              "title": "KEYS2: keys of non-empty object gives correct array of keys",
              "fullTitle": "keys.js - Creates an array of the property names of an object KEYS2: keys of non-empty object gives correct array of keys",
              "timedOut": false,
              "duration": 0,
              "state": "passed",
              "speed": "fast",
              "pass": true,
              "fail": false,
              "pending": false,
              "context": null,
              "code": "const object = {\n    key1: \"Hello\",\n    key2: \"World\"\n};\nconst expectedKeys = [\"key1\", \"key2\"];\nexpect(keys(object)).to.deep.equal(expectedKeys);",
              "err": {},
              "uuid": "52990964-3f26-43dd-a519-623edfb80d5b",
              "parentUUID": "1130a910-dfd9-4df1-81dc-5fcd953d6578",
              "isHook": false,
              "skipped": false
            },
            {
              "title": "KEYS3: keys of non object value gives empty array",
              "fullTitle": "keys.js - Creates an array of the property names of an object KEYS3: keys of non object value gives empty array",
              "timedOut": false,
              "duration": 1,
              "state": "passed",
              "speed": "fast",
              "pass": true,
              "fail": false,
              "pending": false,
              "context": null,
              "code": "expect(keys(3.15)).to.deep.equal([]);",
              "err": {},
              "uuid": "b907c75d-e327-4c02-879a-c6000fa22b77",
              "parentUUID": "1130a910-dfd9-4df1-81dc-5fcd953d6578",
              "isHook": false,
              "skipped": false
            },
            {
              "title": "KEYS4: keys with no argument gives empty array",
              "fullTitle": "keys.js - Creates an array of the property names of an object KEYS4: keys with no argument gives empty array",
              "timedOut": false,
              "duration": 1,
              "state": "passed",
              "speed": "fast",
              "pass": true,
              "fail": false,
              "pending": false,
              "context": null,
              "code": "expect(keys()).to.deep.equal([]);",
              "err": {},
              "uuid": "7d069755-5d13-4c6a-b71e-88c82e70f019",
              "parentUUID": "1130a910-dfd9-4df1-81dc-5fcd953d6578",
              "isHook": false,
              "skipped": false
            },
            {
              "title": "KEYS5: keys of arraylike object gives array indices",
              "fullTitle": "keys.js - Creates an array of the property names of an object KEYS5: keys of arraylike object gives array indices",
              "timedOut": false,
              "duration": 1,
              "state": "passed",
              "speed": "fast",
              "pass": true,
              "fail": false,
              "pending": false,
              "context": null,
              "code": "const arrayLike = \"Hi!\";\nconst expectedKeys = [\"0\", \"1\", \"2\"];\nexpect(keys(arrayLike)).to.deep.equal(expectedKeys);",
              "err": {},
              "uuid": "f27dbd83-74ea-4253-8424-4e1ab5e4dc92",
              "parentUUID": "1130a910-dfd9-4df1-81dc-5fcd953d6578",
              "isHook": false,
              "skipped": false
            }
          ],
          "suites": [],
          "passes": [
            "5e4fda25-dabe-4cb4-bfdc-cd08c568c598",
            "52990964-3f26-43dd-a519-623edfb80d5b",
            "b907c75d-e327-4c02-879a-c6000fa22b77",
            "7d069755-5d13-4c6a-b71e-88c82e70f019",
            "f27dbd83-74ea-4253-8424-4e1ab5e4dc92"
          ],
          "failures": [],
          "pending": [],
          "skipped": [],
          "duration": 6,
          "root": false,
          "rootEmpty": false,
          "_timeout": 2000
        },
        {
          "uuid": "a7642d50-5e30-4776-84ef-4e06a7426b34",
          "title": "map.js - Applies a function to each element of an array and returns an array of the results",
          "fullFile": "C:\\Users\\Andrew\\CSMasters\\software-testing\\ass-2\\test\\library-tests.test.js",
          "file": "\\test\\library-tests.test.js",
          "beforeHooks": [],
          "afterHooks": [],
          "tests": [
            {
              "title": "MAP1: map an empty array with a function with 1 argument gives empty array",
              "fullTitle": "map.js - Applies a function to each element of an array and returns an array of the results MAP1: map an empty array with a function with 1 argument gives empty array",
              "timedOut": false,
              "duration": 1,
              "state": "passed",
              "speed": "fast",
              "pass": true,
              "fail": false,
              "pending": false,
              "context": null,
              "code": "expect(map([], oneArgFunction)).to.deep.equal([]);",
              "err": {},
              "uuid": "54127f24-2d03-446e-b061-017e82962775",
              "parentUUID": "a7642d50-5e30-4776-84ef-4e06a7426b34",
              "isHook": false,
              "skipped": false
            },
            {
              "title": "MAP2: map an empty array with an invalid function throws error",
              "fullTitle": "map.js - Applies a function to each element of an array and returns an array of the results MAP2: map an empty array with an invalid function throws error",
              "timedOut": false,
              "duration": 1,
              "state": "failed",
              "speed": null,
              "pass": false,
              "fail": true,
              "pending": false,
              "context": null,
              "code": "expect(function(){ map([], invalidFunction) }).to.throw(TypeError);",
              "err": {
                "message": "AssertionError: expected [Function] to throw TypeError",
                "estack": "AssertionError: expected [Function] to throw TypeError\n    at Context.<anonymous> (file:///C:/Users/Andrew/CSMasters/software-testing/ass-2/test/library-tests.test.js:332:64)\n    at processImmediate (internal/timers.js:464:21)",
                "diff": null
              },
              "uuid": "5a4ba21e-1148-417c-b9f8-3d8c3bf747ce",
              "parentUUID": "a7642d50-5e30-4776-84ef-4e06a7426b34",
              "isHook": false,
              "skipped": false
            },
            {
              "title": "MAP3: map an empty array without a function argument throws error",
              "fullTitle": "map.js - Applies a function to each element of an array and returns an array of the results MAP3: map an empty array without a function argument throws error",
              "timedOut": false,
              "duration": 1,
              "state": "failed",
              "speed": null,
              "pass": false,
              "fail": true,
              "pending": false,
              "context": null,
              "code": "expect(function(){ map([]) }).to.throw(TypeError);",
              "err": {
                "message": "AssertionError: expected [Function] to throw TypeError",
                "estack": "AssertionError: expected [Function] to throw TypeError\n    at Context.<anonymous> (file:///C:/Users/Andrew/CSMasters/software-testing/ass-2/test/library-tests.test.js:336:47)\n    at processImmediate (internal/timers.js:464:21)",
                "diff": null
              },
              "uuid": "49c09b62-da07-4b8c-a91a-e9a2965dcde0",
              "parentUUID": "a7642d50-5e30-4776-84ef-4e06a7426b34",
              "isHook": false,
              "skipped": false
            },
            {
              "title": "MAP4: map a non-empty array with an invalid function throws error",
              "fullTitle": "map.js - Applies a function to each element of an array and returns an array of the results MAP4: map a non-empty array with an invalid function throws error",
              "timedOut": false,
              "duration": 1,
              "state": "passed",
              "speed": "fast",
              "pass": true,
              "fail": false,
              "pending": false,
              "context": null,
              "code": "expect(function(){ map(nonEmptyArray, invalidFunction) }).to.throw(TypeError);",
              "err": {},
              "uuid": "006bab11-54c1-4fe0-8490-a29343f6f009",
              "parentUUID": "a7642d50-5e30-4776-84ef-4e06a7426b34",
              "isHook": false,
              "skipped": false
            },
            {
              "title": "MAP5: map a non-empty array without a function argument throws error",
              "fullTitle": "map.js - Applies a function to each element of an array and returns an array of the results MAP5: map a non-empty array without a function argument throws error",
              "timedOut": false,
              "duration": 1,
              "state": "passed",
              "speed": "fast",
              "pass": true,
              "fail": false,
              "pending": false,
              "context": null,
              "code": "expect(function(){ map(nonEmptyArray) }).to.throw(TypeError);",
              "err": {},
              "uuid": "edf42737-c54e-4d52-b81b-0a20493e37fb",
              "parentUUID": "a7642d50-5e30-4776-84ef-4e06a7426b34",
              "isHook": false,
              "skipped": false
            },
            {
              "title": "MAP6: map a non-empty array with a function with 1 argument is mapped correctly",
              "fullTitle": "map.js - Applies a function to each element of an array and returns an array of the results MAP6: map a non-empty array with a function with 1 argument is mapped correctly",
              "timedOut": false,
              "duration": 1,
              "state": "passed",
              "speed": "fast",
              "pass": true,
              "fail": false,
              "pending": false,
              "context": null,
              "code": "expect(map(nonEmptyArray, oneArgFunction)).to.deep.equal(mappedNonEmptyArray);",
              "err": {},
              "uuid": "24ac44a8-c333-4c71-bed9-4eb207825c13",
              "parentUUID": "a7642d50-5e30-4776-84ef-4e06a7426b34",
              "isHook": false,
              "skipped": false
            },
            {
              "title": "MAP8: map an invalid array with a function with 1 argument throws error",
              "fullTitle": "map.js - Applies a function to each element of an array and returns an array of the results MAP8: map an invalid array with a function with 1 argument throws error",
              "timedOut": false,
              "duration": 2,
              "state": "failed",
              "speed": null,
              "pass": false,
              "fail": true,
              "pending": false,
              "context": null,
              "code": "expect(function(){ map(invalidArray, oneArgFunction) }).to.throw(TypeError);",
              "err": {
                "message": "AssertionError: expected [Function] to throw TypeError",
                "estack": "AssertionError: expected [Function] to throw TypeError\n    at Context.<anonymous> (file:///C:/Users/Andrew/CSMasters/software-testing/ass-2/test/library-tests.test.js:354:73)\n    at processImmediate (internal/timers.js:464:21)",
                "diff": null
              },
              "uuid": "e6ed2016-1734-4bfe-9941-4080f6bbe195",
              "parentUUID": "a7642d50-5e30-4776-84ef-4e06a7426b34",
              "isHook": false,
              "skipped": false
            },
            {
              "title": "MAP10: map with no arguments throws error",
              "fullTitle": "map.js - Applies a function to each element of an array and returns an array of the results MAP10: map with no arguments throws error",
              "timedOut": false,
              "duration": 1,
              "state": "failed",
              "speed": null,
              "pass": false,
              "fail": true,
              "pending": false,
              "context": null,
              "code": "expect(function(){ map() }).to.throw(TypeError);",
              "err": {
                "message": "AssertionError: expected [Function] to throw TypeError",
                "estack": "AssertionError: expected [Function] to throw TypeError\n    at Context.<anonymous> (file:///C:/Users/Andrew/CSMasters/software-testing/ass-2/test/library-tests.test.js:360:45)\n    at processImmediate (internal/timers.js:464:21)",
                "diff": null
              },
              "uuid": "c57b7191-fe92-4aba-a26f-5ddc95d57594",
              "parentUUID": "a7642d50-5e30-4776-84ef-4e06a7426b34",
              "isHook": false,
              "skipped": false
            }
          ],
          "suites": [
            {
              "uuid": "359be5cc-c63f-40b5-ac9c-9cfa68f13327",
              "title": "Composition testing of map with other functions in the test suite",
              "fullFile": "C:\\Users\\Andrew\\CSMasters\\software-testing\\ass-2\\test\\library-tests.test.js",
              "file": "\\test\\library-tests.test.js",
              "beforeHooks": [],
              "afterHooks": [],
              "tests": [
                {
                  "title": "MAP11: map a non-empty array with defaultToAny() gives correct mapping",
                  "fullTitle": "map.js - Applies a function to each element of an array and returns an array of the results Composition testing of map with other functions in the test suite MAP11: map a non-empty array with defaultToAny() gives correct mapping",
                  "timedOut": false,
                  "duration": 2,
                  "state": "passed",
                  "speed": "fast",
                  "pass": true,
                  "fail": false,
                  "pending": false,
                  "context": null,
                  "code": "const inputArray = [\"ok\", \"\", 3, false, undefined, {}, null];\nconst outputArray = [\"ok\", \"\", 3, false, \"default\", {}, \"default\"];\nexpect(map(inputArray, (x) => defaultToAny(x, \"default\"))).to.deep.equal(outputArray);",
                  "err": {},
                  "uuid": "1cfa4e63-1480-4bc9-a8be-1e6c54b8f885",
                  "parentUUID": "359be5cc-c63f-40b5-ac9c-9cfa68f13327",
                  "isHook": false,
                  "skipped": false
                },
                {
                  "title": "MAP12: map a non-empty array with ceil() gives correct mapping",
                  "fullTitle": "map.js - Applies a function to each element of an array and returns an array of the results Composition testing of map with other functions in the test suite MAP12: map a non-empty array with ceil() gives correct mapping",
                  "timedOut": false,
                  "duration": 1,
                  "state": "passed",
                  "speed": "fast",
                  "pass": true,
                  "fail": false,
                  "pending": false,
                  "context": null,
                  "code": "const inputArray = [1, 4.5, 6.54, 12.02341];\nconst outputArray = [1.00, 4.50, 6.54, 12.03];\nexpect(map(inputArray, (x) => ceil(x, 2))).to.deep.equal(outputArray);",
                  "err": {},
                  "uuid": "8644b32d-ed78-45bc-af46-25aeedaa73d9",
                  "parentUUID": "359be5cc-c63f-40b5-ac9c-9cfa68f13327",
                  "isHook": false,
                  "skipped": false
                },
                {
                  "title": "MAP13: map a non-empty array with toNumber() gives correct mapping",
                  "fullTitle": "map.js - Applies a function to each element of an array and returns an array of the results Composition testing of map with other functions in the test suite MAP13: map a non-empty array with toNumber() gives correct mapping",
                  "timedOut": false,
                  "duration": 2,
                  "state": "passed",
                  "speed": "fast",
                  "pass": true,
                  "fail": false,
                  "pending": false,
                  "context": null,
                  "code": "const inputArray = [1, '4.5', \"-6.54\", 12.02341];\nconst outputArray = [1, 4.5, -6.54, 12.02341];\nexpect(map(inputArray, toNumber)).to.deep.equal(outputArray);",
                  "err": {},
                  "uuid": "b6a2dce4-cca7-4550-a5b7-d0d9cff7dae5",
                  "parentUUID": "359be5cc-c63f-40b5-ac9c-9cfa68f13327",
                  "isHook": false,
                  "skipped": false
                },
                {
                  "title": "MAP14: map a non-empty array with add() gives correct mapping",
                  "fullTitle": "map.js - Applies a function to each element of an array and returns an array of the results Composition testing of map with other functions in the test suite MAP14: map a non-empty array with add() gives correct mapping",
                  "timedOut": false,
                  "duration": 1,
                  "state": "passed",
                  "speed": "fast",
                  "pass": true,
                  "fail": false,
                  "pending": false,
                  "context": null,
                  "code": "const inputArray = [1, 4.5, -6.54, 12.02341];\nconst outputArray = [3, 6.5, -4.54, 14.02341];\nexpect(map(inputArray, (x) => add(x, 2))).to.deep.equal(outputArray);",
                  "err": {},
                  "uuid": "bb0a91fc-c1c2-4879-bc9a-519df170f318",
                  "parentUUID": "359be5cc-c63f-40b5-ac9c-9cfa68f13327",
                  "isHook": false,
                  "skipped": false
                },
                {
                  "title": "MAP15: map a non-empty array with clamp() gives correct mapping",
                  "fullTitle": "map.js - Applies a function to each element of an array and returns an array of the results Composition testing of map with other functions in the test suite MAP15: map a non-empty array with clamp() gives correct mapping",
                  "timedOut": false,
                  "duration": 3,
                  "state": "failed",
                  "speed": null,
                  "pass": false,
                  "fail": true,
                  "pending": false,
                  "context": null,
                  "code": "const inputArray = [1, 4.5, -6.54, 12.02341];\nconst outputArray = [2, 4.5, -6.54, 7];\nexpect(map(inputArray, (x) => clamp(x, 2, 7))).to.deep.equal(outputArray);",
                  "err": {
                    "message": "AssertionError: expected [ 2, 2, 2, 2 ] to deeply equal [ 2, 4.5, -6.54, 7 ]",
                    "estack": "AssertionError: expected [ 2, 2, 2, 2 ] to deeply equal [ 2, 4.5, -6.54, 7 ]\n    at Context.<anonymous> (file:///C:/Users/Andrew/CSMasters/software-testing/ass-2/test/library-tests.test.js:392:68)\n    at processImmediate (internal/timers.js:464:21)",
                    "diff": " [\n   2\n-   2\n-   2\n-   2\n+   4.5\n+   -6.54\n+   7\n ]\n"
                  },
                  "uuid": "ef75c0b0-6b3c-47d5-919d-a411ad362292",
                  "parentUUID": "359be5cc-c63f-40b5-ac9c-9cfa68f13327",
                  "isHook": false,
                  "skipped": false
                },
                {
                  "title": "MAP16: map a non-empty array with upperFirst() gives correct mapping",
                  "fullTitle": "map.js - Applies a function to each element of an array and returns an array of the results Composition testing of map with other functions in the test suite MAP16: map a non-empty array with upperFirst() gives correct mapping",
                  "timedOut": false,
                  "duration": 1,
                  "state": "passed",
                  "speed": "fast",
                  "pass": true,
                  "fail": false,
                  "pending": false,
                  "context": null,
                  "code": "const inputArray = [\"one\", \"TWO\", \"Three\", \"fOuR!\"];\nconst outputArray = [\"One\", \"TWO\", \"Three\", \"FOuR!\"];\nexpect(map(inputArray, upperFirst)).to.deep.equal(outputArray);",
                  "err": {},
                  "uuid": "50cad8bf-16f3-43e3-88d1-3f1d3a3582d8",
                  "parentUUID": "359be5cc-c63f-40b5-ac9c-9cfa68f13327",
                  "isHook": false,
                  "skipped": false
                },
                {
                  "title": "MAP17: map a non-empty array with keys() gives correct mapping",
                  "fullTitle": "map.js - Applies a function to each element of an array and returns an array of the results Composition testing of map with other functions in the test suite MAP17: map a non-empty array with keys() gives correct mapping",
                  "timedOut": false,
                  "duration": 1,
                  "state": "passed",
                  "speed": "fast",
                  "pass": true,
                  "fail": false,
                  "pending": false,
                  "context": null,
                  "code": "const inputArray = [{ key1: \"one\" }, { key2: \"TWO\", key3: \"Three\" }, {}];\nconst outputArray = [[\"key1\"], [\"key2\", \"key3\"], []];\nexpect(map(inputArray, keys)).to.deep.equal(outputArray);",
                  "err": {},
                  "uuid": "a15b73ef-c7fb-4a9c-a6df-257024f64588",
                  "parentUUID": "359be5cc-c63f-40b5-ac9c-9cfa68f13327",
                  "isHook": false,
                  "skipped": false
                },
                {
                  "title": "MAP18: map output of keys() with a function with 1 argument gives correct mapping",
                  "fullTitle": "map.js - Applies a function to each element of an array and returns an array of the results Composition testing of map with other functions in the test suite MAP18: map output of keys() with a function with 1 argument gives correct mapping",
                  "timedOut": false,
                  "duration": 1,
                  "state": "passed",
                  "speed": "fast",
                  "pass": true,
                  "fail": false,
                  "pending": false,
                  "context": null,
                  "code": "const inputObject = { key2: \"TWO\", key3: \"Three\" };\nconst outputArray = [\"key2!\", \"key3!\"];\nexpect(map(keys(inputObject), oneArgFunction)).to.deep.equal(outputArray);",
                  "err": {},
                  "uuid": "4e225344-9c7e-4c87-b94d-07149381db0d",
                  "parentUUID": "359be5cc-c63f-40b5-ac9c-9cfa68f13327",
                  "isHook": false,
                  "skipped": false
                },
                {
                  "title": "MAP19: map output of slice() with a function with 1 argument gives correct mapping",
                  "fullTitle": "map.js - Applies a function to each element of an array and returns an array of the results Composition testing of map with other functions in the test suite MAP19: map output of slice() with a function with 1 argument gives correct mapping",
                  "timedOut": false,
                  "duration": 1,
                  "state": "passed",
                  "speed": "fast",
                  "pass": true,
                  "fail": false,
                  "pending": false,
                  "context": null,
                  "code": "const inputArray = [\"one\", \"TWO\", \"Three\", \"fOuR!\"];\nconst outputArray = [\"TWO!\", \"Three!\"];\nexpect(map(slice(inputArray, 1, 3), oneArgFunction)).to.deep.equal(outputArray);",
                  "err": {},
                  "uuid": "1cab6dd5-6e4c-4314-945d-a5ebf679d84a",
                  "parentUUID": "359be5cc-c63f-40b5-ac9c-9cfa68f13327",
                  "isHook": false,
                  "skipped": false
                },
                {
                  "title": "MAP20: map output of filter() with a function with 1 argument gives correct mapping",
                  "fullTitle": "map.js - Applies a function to each element of an array and returns an array of the results Composition testing of map with other functions in the test suite MAP20: map output of filter() with a function with 1 argument gives correct mapping",
                  "timedOut": false,
                  "duration": 1,
                  "state": "passed",
                  "speed": "fast",
                  "pass": true,
                  "fail": false,
                  "pending": false,
                  "context": null,
                  "code": "const inputArray = [\"one\", \"TWO\", \"Three\", \"fOuR!\"];\nconst predicate = x => x.length > 3;\nconst outputArray = [\"Three!\", \"fOuR!!\"];\nexpect(map(filter(inputArray, predicate), oneArgFunction)).to.deep.equal(outputArray);",
                  "err": {},
                  "uuid": "86ad8202-6509-4d0c-8f71-f9d655e98434",
                  "parentUUID": "359be5cc-c63f-40b5-ac9c-9cfa68f13327",
                  "isHook": false,
                  "skipped": false
                },
                {
                  "title": "MAP21: map output of previous map() call with a function with 1 argument gives correct mapping",
                  "fullTitle": "map.js - Applies a function to each element of an array and returns an array of the results Composition testing of map with other functions in the test suite MAP21: map output of previous map() call with a function with 1 argument gives correct mapping",
                  "timedOut": false,
                  "duration": 1,
                  "state": "passed",
                  "speed": "fast",
                  "pass": true,
                  "fail": false,
                  "pending": false,
                  "context": null,
                  "code": "const inputArray = [\"one\", \"TWO\", \"Three\", \"fOuR!\"];\nconst outputArray = [\"one!!\", \"TWO!!\", \"Three!!\", \"fOuR!!!\"];\nexpect(map(map(inputArray, oneArgFunction), oneArgFunction)).to.deep.equal(outputArray);",
                  "err": {},
                  "uuid": "f76f2dd4-366a-407e-bd61-7f6e23f959a8",
                  "parentUUID": "359be5cc-c63f-40b5-ac9c-9cfa68f13327",
                  "isHook": false,
                  "skipped": false
                }
              ],
              "suites": [],
              "passes": [
                "1cfa4e63-1480-4bc9-a8be-1e6c54b8f885",
                "8644b32d-ed78-45bc-af46-25aeedaa73d9",
                "b6a2dce4-cca7-4550-a5b7-d0d9cff7dae5",
                "bb0a91fc-c1c2-4879-bc9a-519df170f318",
                "50cad8bf-16f3-43e3-88d1-3f1d3a3582d8",
                "a15b73ef-c7fb-4a9c-a6df-257024f64588",
                "4e225344-9c7e-4c87-b94d-07149381db0d",
                "1cab6dd5-6e4c-4314-945d-a5ebf679d84a",
                "86ad8202-6509-4d0c-8f71-f9d655e98434",
                "f76f2dd4-366a-407e-bd61-7f6e23f959a8"
              ],
              "failures": [
                "ef75c0b0-6b3c-47d5-919d-a411ad362292"
              ],
              "pending": [],
              "skipped": [],
              "duration": 15,
              "root": false,
              "rootEmpty": false,
              "_timeout": 2000
            }
          ],
          "passes": [
            "54127f24-2d03-446e-b061-017e82962775",
            "006bab11-54c1-4fe0-8490-a29343f6f009",
            "edf42737-c54e-4d52-b81b-0a20493e37fb",
            "24ac44a8-c333-4c71-bed9-4eb207825c13"
          ],
          "failures": [
            "5a4ba21e-1148-417c-b9f8-3d8c3bf747ce",
            "49c09b62-da07-4b8c-a91a-e9a2965dcde0",
            "e6ed2016-1734-4bfe-9941-4080f6bbe195",
            "c57b7191-fe92-4aba-a26f-5ddc95d57594"
          ],
          "pending": [],
          "skipped": [],
          "duration": 9,
          "root": false,
          "rootEmpty": false,
          "_timeout": 2000
        },
        {
          "uuid": "e68e5a20-0ca2-44d6-96a5-f974a377c868",
          "title": "toNumber.js - Converts the given value to a number",
          "fullFile": "C:\\Users\\Andrew\\CSMasters\\software-testing\\ass-2\\test\\library-tests.test.js",
          "file": "\\test\\library-tests.test.js",
          "beforeHooks": [],
          "afterHooks": [],
          "tests": [
            {
              "title": "TONUMBER1: converts a string representing a number to number",
              "fullTitle": "toNumber.js - Converts the given value to a number TONUMBER1: converts a string representing a number to number",
              "timedOut": false,
              "duration": 0,
              "state": "passed",
              "speed": "fast",
              "pass": true,
              "fail": false,
              "pending": false,
              "context": null,
              "code": "expect(toNumber(\"32.5\")).to.equal(32.5);",
              "err": {},
              "uuid": "acd79bfb-3c25-4dfa-8c8a-003d00d2768f",
              "parentUUID": "e68e5a20-0ca2-44d6-96a5-f974a377c868",
              "isHook": false,
              "skipped": false
            },
            {
              "title": "TONUMBER2: a string that is not a number returns NaN",
              "fullTitle": "toNumber.js - Converts the given value to a number TONUMBER2: a string that is not a number returns NaN",
              "timedOut": false,
              "duration": 0,
              "state": "passed",
              "speed": "fast",
              "pass": true,
              "fail": false,
              "pending": false,
              "context": null,
              "code": "expect(toNumber('Hello')).to.deep.equal(NaN);",
              "err": {},
              "uuid": "6296ed17-6b28-4fab-8ba8-3f8d238616bb",
              "parentUUID": "e68e5a20-0ca2-44d6-96a5-f974a377c868",
              "isHook": false,
              "skipped": false
            },
            {
              "title": "TONUMBER3: symbol as an input returns NaN",
              "fullTitle": "toNumber.js - Converts the given value to a number TONUMBER3: symbol as an input returns NaN",
              "timedOut": false,
              "duration": 1,
              "state": "passed",
              "speed": "fast",
              "pass": true,
              "fail": false,
              "pending": false,
              "context": null,
              "code": "const symbol = Symbol();\nexpect(toNumber(symbol)).to.deep.equal(NaN);",
              "err": {},
              "uuid": "9c198ccb-e50e-49ce-9f97-24a0fa26b721",
              "parentUUID": "e68e5a20-0ca2-44d6-96a5-f974a377c868",
              "isHook": false,
              "skipped": false
            },
            {
              "title": "TONUMBER4: object as in input returns NaN",
              "fullTitle": "toNumber.js - Converts the given value to a number TONUMBER4: object as in input returns NaN",
              "timedOut": false,
              "duration": 1,
              "state": "passed",
              "speed": "fast",
              "pass": true,
              "fail": false,
[...]
                "estack": "AssertionError: expected [Function] to throw RangeError\n    at Context.<anonymous> (file:///C:/Users/Andrew/CSMasters/software-testing/ass-2/test/library-tests.test.js:917:54)\n    at processImmediate (internal/timers.js:464:21)",
                "diff": null
              },
              "uuid": "b5ff0e8d-1b6a-4d8c-b359-54b67aab4d65",
              "parentUUID": "e6b853cd-e5a3-477c-a2fa-24075b8bc09e",
              "isHook": false,
              "skipped": false
            },
            {
              "title": "CLAMP7: clamp with valid number > lower, but invalid upper throws type error",
              "fullTitle": "clamp.js - Clamps a number within an inclusive upper and lower bound CLAMP7: clamp with valid number > lower, but invalid upper throws type error",
              "timedOut": false,
              "duration": 1,
              "state": "failed",
              "speed": null,
              "pass": false,
              "fail": true,
              "pending": false,
              "context": null,
              "code": "expect(function(){ clamp(7, 2, \"potato\") }).to.throw(TypeError);",
              "err": {
                "message": "AssertionError: expected [Function] to throw TypeError",
                "estack": "AssertionError: expected [Function] to throw TypeError\n    at Context.<anonymous> (file:///C:/Users/Andrew/CSMasters/software-testing/ass-2/test/library-tests.test.js:921:61)\n    at processImmediate (internal/timers.js:464:21)",
                "diff": null
              },
              "uuid": "393d2ba0-0d9a-420e-8be8-657ea0e36c0f",
              "parentUUID": "e6b853cd-e5a3-477c-a2fa-24075b8bc09e",
              "isHook": false,
              "skipped": false
            },
            {
              "title": "CLAMP8: clamp with valid number < upper, but invalid lower throws type error",
              "fullTitle": "clamp.js - Clamps a number within an inclusive upper and lower bound CLAMP8: clamp with valid number < upper, but invalid lower throws type error",
              "timedOut": false,
              "duration": 1,
              "state": "failed",
              "speed": null,
              "pass": false,
              "fail": true,
              "pending": false,
              "context": null,
              "code": "expect(function(){ clamp(2, \"potato\", 7) }).to.throw(TypeError);",
              "err": {
                "message": "AssertionError: expected [Function] to throw TypeError",
                "estack": "AssertionError: expected [Function] to throw TypeError\n    at Context.<anonymous> (file:///C:/Users/Andrew/CSMasters/software-testing/ass-2/test/library-tests.test.js:925:61)\n    at processImmediate (internal/timers.js:464:21)",
                "diff": null
              },
              "uuid": "e6e02b99-ab76-497c-ba54-6f2abd460ab9",
              "parentUUID": "e6b853cd-e5a3-477c-a2fa-24075b8bc09e",
              "isHook": false,
              "skipped": false
            },
            {
              "title": "CLAMP9: clamp with valid number > upper, but invalid lower throws type error",
              "fullTitle": "clamp.js - Clamps a number within an inclusive upper and lower bound CLAMP9: clamp with valid number > upper, but invalid lower throws type error",
              "timedOut": false,
              "duration": 1,
              "state": "failed",
              "speed": null,
              "pass": false,
              "fail": true,
              "pending": false,
              "context": null,
              "code": "expect(function(){ clamp(7, \"potato\", 2) }).to.throw(TypeError);",
              "err": {
                "message": "AssertionError: expected [Function] to throw TypeError",
                "estack": "AssertionError: expected [Function] to throw TypeError\n    at Context.<anonymous> (file:///C:/Users/Andrew/CSMasters/software-testing/ass-2/test/library-tests.test.js:929:61)\n    at processImmediate (internal/timers.js:464:21)",
                "diff": null
              },
              "uuid": "e0994ab4-c898-4f98-b992-cda015b0325e",
              "parentUUID": "e6b853cd-e5a3-477c-a2fa-24075b8bc09e",
              "isHook": false,
              "skipped": false
            },
            {
              "title": "CLAMP10: clamp with valid lower < upper, but invalid number throws type error",
              "fullTitle": "clamp.js - Clamps a number within an inclusive upper and lower bound CLAMP10: clamp with valid lower < upper, but invalid number throws type error",
              "timedOut": false,
              "duration": 0,
              "state": "failed",
              "speed": null,
              "pass": false,
              "fail": true,
              "pending": false,
              "context": null,
              "code": "expect(function(){ clamp(\"potato\", 2, 7) }).to.throw(TypeError);",
              "err": {
                "message": "AssertionError: expected [Function] to throw TypeError",
                "estack": "AssertionError: expected [Function] to throw TypeError\n    at Context.<anonymous> (file:///C:/Users/Andrew/CSMasters/software-testing/ass-2/test/library-tests.test.js:933:61)\n    at processImmediate (internal/timers.js:464:21)",
                "diff": null
              },
              "uuid": "0e991904-4456-445e-9b3b-d2f5b0f3269c",
              "parentUUID": "e6b853cd-e5a3-477c-a2fa-24075b8bc09e",
              "isHook": false,
              "skipped": false
            },
            {
              "title": "CLAMP11: clamp with valid lower > upper, but invalid number throws type error",
              "fullTitle": "clamp.js - Clamps a number within an inclusive upper and lower bound CLAMP11: clamp with valid lower > upper, but invalid number throws type error",
              "timedOut": false,
              "duration": 1,
              "state": "failed",
              "speed": null,
              "pass": false,
              "fail": true,
              "pending": false,
              "context": null,
              "code": "expect(function(){ clamp(\"potato\", 7, 2) }).to.throw(TypeError);",
              "err": {
                "message": "AssertionError: expected [Function] to throw TypeError",
                "estack": "AssertionError: expected [Function] to throw TypeError\n    at Context.<anonymous> (file:///C:/Users/Andrew/CSMasters/software-testing/ass-2/test/library-tests.test.js:937:61)\n    at processImmediate (internal/timers.js:464:21)",
                "diff": null
              },
              "uuid": "8909c425-58ba-49a7-b22d-158990f77410",
              "parentUUID": "e6b853cd-e5a3-477c-a2fa-24075b8bc09e",
              "isHook": false,
              "skipped": false
            },
            {
              "title": "CLAMP12: clamp with valid number < lower, but missing upper throws type error",
              "fullTitle": "clamp.js - Clamps a number within an inclusive upper and lower bound CLAMP12: clamp with valid number < lower, but missing upper throws type error",
              "timedOut": false,
              "duration": 1,
              "state": "failed",
              "speed": null,
              "pass": false,
              "fail": true,
              "pending": false,
              "context": null,
              "code": "expect(function(){ clamp(2, 7) }).to.throw(TypeError);",
              "err": {
                "message": "AssertionError: expected [Function] to throw TypeError",
                "estack": "AssertionError: expected [Function] to throw TypeError\n    at Context.<anonymous> (file:///C:/Users/Andrew/CSMasters/software-testing/ass-2/test/library-tests.test.js:941:51)\n    at processImmediate (internal/timers.js:464:21)",
                "diff": null
              },
              "uuid": "add9b164-0be0-4939-9bf4-3486ef67f34e",
              "parentUUID": "e6b853cd-e5a3-477c-a2fa-24075b8bc09e",
              "isHook": false,
              "skipped": false
            },
            {
              "title": "CLAMP13: clamp with valid number > lower, but missing upper throws type error",
              "fullTitle": "clamp.js - Clamps a number within an inclusive upper and lower bound CLAMP13: clamp with valid number > lower, but missing upper throws type error",
              "timedOut": false,
              "duration": 1,
              "state": "failed",
              "speed": null,
              "pass": false,
              "fail": true,
              "pending": false,
              "context": null,
              "code": "expect(function(){ clamp(7, 2) }).to.throw(TypeError);",
              "err": {
                "message": "AssertionError: expected [Function] to throw TypeError",
                "estack": "AssertionError: expected [Function] to throw TypeError\n    at Context.<anonymous> (file:///C:/Users/Andrew/CSMasters/software-testing/ass-2/test/library-tests.test.js:945:51)\n    at processImmediate (internal/timers.js:464:21)",
                "diff": null
              },
              "uuid": "6fa1d989-0e5e-415a-8f8d-7c9e788a9b6c",
              "parentUUID": "e6b853cd-e5a3-477c-a2fa-24075b8bc09e",
              "isHook": false,
              "skipped": false
            },
            {
              "title": "CLAMP14: clamp with valid number, but missing lower and upper throws type error",
              "fullTitle": "clamp.js - Clamps a number within an inclusive upper and lower bound CLAMP14: clamp with valid number, but missing lower and upper throws type error",
              "timedOut": false,
              "duration": 1,
              "state": "failed",
              "speed": null,
              "pass": false,
              "fail": true,
              "pending": false,
              "context": null,
              "code": "expect(function(){ clamp(7) }).to.throw(TypeError);",
              "err": {
                "message": "AssertionError: expected [Function] to throw TypeError",
                "estack": "AssertionError: expected [Function] to throw TypeError\n    at Context.<anonymous> (file:///C:/Users/Andrew/CSMasters/software-testing/ass-2/test/library-tests.test.js:949:48)\n    at processImmediate (internal/timers.js:464:21)",
                "diff": null
              },
              "uuid": "1db3de5b-12a9-4c02-95e7-3b7bc4d4394f",
              "parentUUID": "e6b853cd-e5a3-477c-a2fa-24075b8bc09e",
              "isHook": false,
              "skipped": false
            },
            {
              "title": "CLAMP15: clamp with all arguments missing throws type error",
              "fullTitle": "clamp.js - Clamps a number within an inclusive upper and lower bound CLAMP15: clamp with all arguments missing throws type error",
              "timedOut": false,
              "duration": 1,
              "state": "failed",
              "speed": null,
              "pass": false,
              "fail": true,
              "pending": false,
              "context": null,
              "code": "expect(function(){ clamp() }).to.throw(TypeError);",
              "err": {
                "message": "AssertionError: expected [Function] to throw TypeError",
                "estack": "AssertionError: expected [Function] to throw TypeError\n    at Context.<anonymous> (file:///C:/Users/Andrew/CSMasters/software-testing/ass-2/test/library-tests.test.js:953:47)\n    at processImmediate (internal/timers.js:464:21)",
                "diff": null
              },
              "uuid": "627fafe1-5d08-4ff2-9441-e0c77a439d93",
              "parentUUID": "e6b853cd-e5a3-477c-a2fa-24075b8bc09e",
              "isHook": false,
              "skipped": false
            }
          ],
          "suites": [],
          "passes": [
            "72345d87-a8e4-409e-bd33-78998ccb66b0"
          ],
          "failures": [
            "24850072-0949-45c8-944e-e60fcea8c134",
            "386b1ec0-0d4f-4212-b552-34c3dffa7b1a",
            "05099dda-69eb-437a-9ad2-bbd8e2db79d6",
            "03ae3034-d3f2-4c76-9eec-02160ae4cc6d",
            "b5ff0e8d-1b6a-4d8c-b359-54b67aab4d65",
            "393d2ba0-0d9a-420e-8be8-657ea0e36c0f",
            "e6e02b99-ab76-497c-ba54-6f2abd460ab9",
            "e0994ab4-c898-4f98-b992-cda015b0325e",
            "0e991904-4456-445e-9b3b-d2f5b0f3269c",
            "8909c425-58ba-49a7-b22d-158990f77410",
            "add9b164-0be0-4939-9bf4-3486ef67f34e",
            "6fa1d989-0e5e-415a-8f8d-7c9e788a9b6c",
            "1db3de5b-12a9-4c02-95e7-3b7bc4d4394f",
            "627fafe1-5d08-4ff2-9441-e0c77a439d93"
          ],
          "pending": [],
          "skipped": [],
          "duration": 13,
          "root": false,
          "rootEmpty": false,
          "_timeout": 2000
        },
        {
          "uuid": "d2cef3bb-bbd0-4951-a979-caf25932535b",
          "title": "upperFirst.js - Converts the first character of a string to uppercase",
          "fullFile": "C:\\Users\\Andrew\\CSMasters\\software-testing\\ass-2\\test\\library-tests.test.js",
          "file": "\\test\\library-tests.test.js",
          "beforeHooks": [],
          "afterHooks": [],
          "tests": [
            {
              "title": "UPPERFIRST1: converts string starting with lowercase letter to start with upper case",
              "fullTitle": "upperFirst.js - Converts the first character of a string to uppercase UPPERFIRST1: converts string starting with lowercase letter to start with upper case",
              "timedOut": false,
              "duration": 0,
              "state": "passed",
              "speed": "fast",
              "pass": true,
              "fail": false,
              "pending": false,
              "context": null,
              "code": "expect(upperFirst(\"potato\")).to.equal(\"Potato\");",
              "err": {},
              "uuid": "560bbcd3-4875-4200-b3c6-b2d2ffc7923b",
              "parentUUID": "d2cef3bb-bbd0-4951-a979-caf25932535b",
              "isHook": false,
              "skipped": false
            },
            {
              "title": "UPPERFIRST2: string starting with uppercase letter stays the same",
              "fullTitle": "upperFirst.js - Converts the first character of a string to uppercase UPPERFIRST2: string starting with uppercase letter stays the same",
              "timedOut": false,
              "duration": 0,
              "state": "passed",
              "speed": "fast",
              "pass": true,
              "fail": false,
              "pending": false,
              "context": null,
              "code": "expect(upperFirst(\"Potato\")).to.equal(\"Potato\");",
              "err": {},
              "uuid": "3d870cdc-fd58-493d-9770-a9eefabadb28",
              "parentUUID": "d2cef3bb-bbd0-4951-a979-caf25932535b",
              "isHook": false,
              "skipped": false
            },
            {
              "title": "UPPERFIRST3: string starting with non letter stays the same",
              "fullTitle": "upperFirst.js - Converts the first character of a string to uppercase UPPERFIRST3: string starting with non letter stays the same",
              "timedOut": false,
              "duration": 0,
              "state": "passed",
              "speed": "fast",
              "pass": true,
              "fail": false,
              "pending": false,
              "context": null,
              "code": "expect(upperFirst(\"9otato\")).to.equal(\"9otato\");",
              "err": {},
              "uuid": "d6fa0b05-18b5-4feb-a3cb-32617797a324",
              "parentUUID": "d2cef3bb-bbd0-4951-a979-caf25932535b",
              "isHook": false,
              "skipped": false
            },
            {
              "title": "UPPERFIRST4: empty string stays the same",
              "fullTitle": "upperFirst.js - Converts the first character of a string to uppercase UPPERFIRST4: empty string stays the same",
              "timedOut": false,
              "duration": 0,
              "state": "passed",
              "speed": "fast",
              "pass": true,
              "fail": false,
              "pending": false,
              "context": null,
              "code": "expect(upperFirst(\"\")).to.equal(\"\");",
              "err": {},
              "uuid": "cb504e42-ae8a-4052-b4ad-e6a8ce3c71ac",
              "parentUUID": "d2cef3bb-bbd0-4951-a979-caf25932535b",
              "isHook": false,
              "skipped": false
            },
            {
              "title": "UPPERFIRST5: non string input throws type error",
              "fullTitle": "upperFirst.js - Converts the first character of a string to uppercase UPPERFIRST5: non string input throws type error",
              "timedOut": false,
              "duration": 1,
              "state": "failed",
              "speed": null,
              "pass": false,
              "fail": true,
              "pending": false,
              "context": null,
              "code": "expect(function(){ upperFirst([\"Potato\", \"with\", \"gravy\"]) }).to.throw(TypeError);",
              "err": {
                "message": "AssertionError: expected [Function] to throw TypeError",
                "estack": "AssertionError: expected [Function] to throw TypeError\n    at Context.<anonymous> (file:///C:/Users/Andrew/CSMasters/software-testing/ass-2/test/library-tests.test.js:977:79)\n    at processImmediate (internal/timers.js:464:21)",
                "diff": null
              },
              "uuid": "27bfdb05-2a8e-4645-8628-0c4847c8e711",
              "parentUUID": "d2cef3bb-bbd0-4951-a979-caf25932535b",
              "isHook": false,
              "skipped": false
            },
            {
              "title": "UPPERFIRST6: no arguments throws type error",
              "fullTitle": "upperFirst.js - Converts the first character of a string to uppercase UPPERFIRST6: no arguments throws type error",
              "timedOut": false,
              "duration": 0,
              "state": "failed",
              "speed": null,
              "pass": false,
              "fail": true,
              "pending": false,
              "context": null,
              "code": "expect(function(){ upperFirst() }).to.throw(TypeError);",
              "err": {
                "message": "AssertionError: expected [Function] to throw TypeError",
                "estack": "AssertionError: expected [Function] to throw TypeError\n    at Context.<anonymous> (file:///C:/Users/Andrew/CSMasters/software-testing/ass-2/test/library-tests.test.js:981:52)\n    at processImmediate (internal/timers.js:464:21)",
                "diff": null
              },
              "uuid": "333545f2-aa76-4156-b9e7-d76b4fec206b",
              "parentUUID": "d2cef3bb-bbd0-4951-a979-caf25932535b",
              "isHook": false,
              "skipped": false
            }
          ],
          "suites": [],
          "passes": [
            "560bbcd3-4875-4200-b3c6-b2d2ffc7923b",
            "3d870cdc-fd58-493d-9770-a9eefabadb28",
            "d6fa0b05-18b5-4feb-a3cb-32617797a324",
            "cb504e42-ae8a-4052-b4ad-e6a8ce3c71ac"
          ],
          "failures": [
            "27bfdb05-2a8e-4645-8628-0c4847c8e711",
            "333545f2-aa76-4156-b9e7-d76b4fec206b"
          ],
          "pending": [],
          "skipped": [],
          "duration": 1,
          "root": false,
          "rootEmpty": false,
          "_timeout": 2000
        }
      ],
      "passes": [],
      "failures": [],
      "pending": [],
      "skipped": [],
      "duration": 0,
      "root": true,
      "rootEmpty": true,
      "_timeout": 2000
    }
  ],
  "meta": {
    "mocha": {
      "version": "9.1.3"
    },
    "mochawesome": {
      "options": {
        "quiet": false,
        "reportFilename": "mochawesome",
        "saveHtml": true,
        "saveJson": true,
        "consoleReporter": "spec",
        "useInlineDiffs": false,
        "code": true
      },
      "version": "7.0.1"
    },
    "marge": {
      "options": null,
      "version": "6.0.1"
    }
  }
}